<?xml version="1.0" encoding="UTF-8" standalone="no"?>
<!DOCTYPE log SYSTEM "logger.dtd">
<log>
<record>
  <date>2019-08-13T13:35:55</date>
  <millis>1565696155487</millis>
  <sequence>0</sequence>
  <level>START</level>
  <class>com.kms.katalon.core.logging.XmlKeywordLogger</class>
  <method>startSuite</method>
  <thread>1</thread>
  <message>Start Test Suite : Test Suites/DT</message>
  <nestedLevel>0</nestedLevel>
  <property name="name">DT</property>
  <property name="description"></property>
  <property name="id">Test Suites/DT</property>
</record>
<record>
  <date>2019-08-13T13:35:55</date>
  <millis>1565696155538</millis>
  <sequence>1</sequence>
  <level>RUN_DATA</level>
  <class>com.kms.katalon.core.logging.XmlKeywordLogger</class>
  <method>logMessage</method>
  <thread>1</thread>
  <message>hostName = Hamza - DESKTOP-JRBJHUE</message>
  <nestedLevel>0</nestedLevel>
  <property name="hostName">Hamza - DESKTOP-JRBJHUE</property>
</record>
<record>
  <date>2019-08-13T13:35:55</date>
  <millis>1565696155541</millis>
  <sequence>2</sequence>
  <level>RUN_DATA</level>
  <class>com.kms.katalon.core.logging.XmlKeywordLogger</class>
  <method>logMessage</method>
  <thread>1</thread>
  <message>os = Windows 10 64bit</message>
  <nestedLevel>0</nestedLevel>
  <property name="os">Windows 10 64bit</property>
</record>
<record>
  <date>2019-08-13T13:35:55</date>
  <millis>1565696155545</millis>
  <sequence>3</sequence>
  <level>RUN_DATA</level>
  <class>com.kms.katalon.core.logging.XmlKeywordLogger</class>
  <method>logMessage</method>
  <thread>1</thread>
  <message>hostAddress = 192.168.1.7</message>
  <nestedLevel>0</nestedLevel>
  <property name="hostAddress">192.168.1.7</property>
</record>
<record>
  <date>2019-08-13T13:35:55</date>
  <millis>1565696155548</millis>
  <sequence>4</sequence>
  <level>RUN_DATA</level>
  <class>com.kms.katalon.core.logging.XmlKeywordLogger</class>
  <method>logMessage</method>
  <thread>1</thread>
  <message>katalonVersion = 6.2.0.1</message>
  <nestedLevel>0</nestedLevel>
  <property name="katalonVersion">6.2.0.1</property>
</record>
<record>
  <date>2019-08-13T13:35:56</date>
  <millis>1565696156274</millis>
  <sequence>5</sequence>
  <level>START</level>
  <class>com.kms.katalon.core.logging.XmlKeywordLogger</class>
  <method>startTest</method>
  <thread>1</thread>
  <message>Start Test Case : Test Cases/SoapTwo</message>
  <nestedLevel>1</nestedLevel>
  <property name="name">Test Cases/SoapTwo</property>
  <property name="description"></property>
  <property name="id">Test Cases/SoapTwo</property>
  <property name="source">C:\\Users\\Hamza\\Katalon Studio\\SoapPartTwoTesting\\Test Cases\\SoapTwo.tc</property>
  <property name="tag"></property>
  <property name="isOptional">false</property>
</record>
<record>
  <date>2019-08-13T13:35:56</date>
  <millis>1565696156361</millis>
  <sequence>7</sequence>
  <level>INFO</level>
  <class>com.kms.katalon.core.logging.XmlKeywordLogger</class>
  <method>logMessage</method>
  <thread>1</thread>
  <message>countryCode = AX</message>
  <nestedLevel>1</nestedLevel>
</record>
<record>
  <date>2019-08-13T13:35:57</date>
  <millis>1565696157217</millis>
  <sequence>8</sequence>
  <level>START</level>
  <class>com.kms.katalon.core.logging.XmlKeywordLogger</class>
  <method>startKeyword</method>
  <thread>1</thread>
  <message>Start action : response = sendRequest(findTestObject(\&amp;quot;Soap/countryName\&amp;quot;, [\&amp;quot;countryCode\&amp;quot;:countryCode]))</message>
  <nestedLevel>1</nestedLevel>
  <property name="startLine">16</property>
  <property name="stepIndex">1</property>
</record>
<record>
  <date>2019-08-13T13:36:01</date>
  <millis>1565696161974</millis>
  <sequence>12</sequence>
  <level>INFO</level>
  <class>com.kms.katalon.core.logging.XmlKeywordLogger</class>
  <method>logMessage</method>
  <thread>1</thread>
  <message>HAR: C:\\Users\\Hamza\\Katalon Studio\\SoapPartTwoTesting\\Reports\\DT\\20190813_133548\\requests\\main\\0.har</message>
  <nestedLevel>1</nestedLevel>
  <property name="harId">7eaabf6b-e589-4d33-88a7-8be7bcbb76b7</property>
</record>
<record>
  <date>2019-08-13T13:36:02</date>
  <millis>1565696162276</millis>
  <sequence>13</sequence>
  <level>PASSED</level>
  <class>com.kms.katalon.core.logging.XmlKeywordLogger</class>
  <method>logMessage</method>
  <thread>1</thread>
  <message>Send request successfully</message>
  <nestedLevel>1</nestedLevel>
</record>
<record>
  <date>2019-08-13T13:36:02</date>
  <millis>1565696162278</millis>
  <sequence>14</sequence>
  <level>END</level>
  <class>com.kms.katalon.core.logging.XmlKeywordLogger</class>
  <method>endKeyword</method>
  <thread>1</thread>
  <message>End action : response = sendRequest(findTestObject(\&amp;quot;Soap/countryName\&amp;quot;, [\&amp;quot;countryCode\&amp;quot;:countryCode]))</message>
  <nestedLevel>1</nestedLevel>
</record>
<record>
  <date>2019-08-13T13:36:02</date>
  <millis>1565696162278</millis>
  <sequence>15</sequence>
  <level>START</level>
  <class>com.kms.katalon.core.logging.XmlKeywordLogger</class>
  <method>startKeyword</method>
  <thread>1</thread>
  <message>Start action : xml = response.getResponseBodyContent()</message>
  <nestedLevel>1</nestedLevel>
  <property name="startLine">17</property>
  <property name="stepIndex">2</property>
</record>
<record>
  <date>2019-08-13T13:36:02</date>
  <millis>1565696162520</millis>
  <sequence>16</sequence>
  <level>END</level>
  <class>com.kms.katalon.core.logging.XmlKeywordLogger</class>
  <method>endKeyword</method>
  <thread>1</thread>
  <message>End action : xml = response.getResponseBodyContent()</message>
  <nestedLevel>1</nestedLevel>
</record>
<record>
  <date>2019-08-13T13:36:02</date>
  <millis>1565696162521</millis>
  <sequence>17</sequence>
  <level>START</level>
  <class>com.kms.katalon.core.logging.XmlKeywordLogger</class>
  <method>startKeyword</method>
  <thread>1</thread>
  <message>Start action : dataValue = XmlSlurper().parseText(xml)</message>
  <nestedLevel>1</nestedLevel>
  <property name="startLine">18</property>
  <property name="stepIndex">3</property>
</record>
<record>
  <date>2019-08-13T13:36:02</date>
  <millis>1565696162723</millis>
  <sequence>18</sequence>
  <level>END</level>
  <class>com.kms.katalon.core.logging.XmlKeywordLogger</class>
  <method>endKeyword</method>
  <thread>1</thread>
  <message>End action : dataValue = XmlSlurper().parseText(xml)</message>
  <nestedLevel>1</nestedLevel>
</record>
<record>
  <date>2019-08-13T13:36:02</date>
  <millis>1565696162736</millis>
  <sequence>19</sequence>
  <level>START</level>
  <class>com.kms.katalon.core.logging.XmlKeywordLogger</class>
  <method>startKeyword</method>
  <thread>1</thread>
  <message>Start action : dataSpeci = CountryNameResult.text()</message>
  <nestedLevel>1</nestedLevel>
  <property name="startLine">19</property>
  <property name="stepIndex">4</property>
</record>
<record>
  <date>2019-08-13T13:36:02</date>
  <millis>1565696162789</millis>
  <sequence>20</sequence>
  <level>END</level>
  <class>com.kms.katalon.core.logging.XmlKeywordLogger</class>
  <method>endKeyword</method>
  <thread>1</thread>
  <message>End action : dataSpeci = CountryNameResult.text()</message>
  <nestedLevel>1</nestedLevel>
</record>
<record>
  <date>2019-08-13T13:36:02</date>
  <millis>1565696162792</millis>
  <sequence>21</sequence>
  <level>START</level>
  <class>com.kms.katalon.core.logging.XmlKeywordLogger</class>
  <method>startKeyword</method>
  <thread>1</thread>
  <message>Start action : println(dataSpeci)</message>
  <nestedLevel>1</nestedLevel>
  <property name="startLine">20</property>
  <property name="stepIndex">5</property>
</record>
<record>
  <date>2019-08-13T13:36:02</date>
  <millis>1565696162838</millis>
  <sequence>22</sequence>
  <level>END</level>
  <class>com.kms.katalon.core.logging.XmlKeywordLogger</class>
  <method>endKeyword</method>
  <thread>1</thread>
  <message>End action : println(dataSpeci)</message>
  <nestedLevel>1</nestedLevel>
</record>
<record>
  <date>2019-08-13T13:36:02</date>
  <millis>1565696162869</millis>
  <sequence>23</sequence>
  <level>PASSED</level>
  <class>com.kms.katalon.core.logging.XmlKeywordLogger</class>
  <method>logMessage</method>
  <thread>1</thread>
  <message>Test Cases/SoapTwo</message>
  <nestedLevel>1</nestedLevel>
</record>
<record>
  <date>2019-08-13T13:36:02</date>
  <millis>1565696162877</millis>
  <sequence>24</sequence>
  <level>END</level>
  <class>com.kms.katalon.core.logging.XmlKeywordLogger</class>
  <method>endTest</method>
  <thread>1</thread>
  <message>End Test Case : Test Cases/SoapTwo</message>
  <nestedLevel>0</nestedLevel>
</record>
<record>
  <date>2019-08-13T13:36:02</date>
  <millis>1565696162922</millis>
  <sequence>25</sequence>
  <level>START</level>
  <class>com.kms.katalon.core.logging.XmlKeywordLogger</class>
  <method>startTest</method>
  <thread>1</thread>
  <message>Start Test Case : Test Cases/SoapTwo</message>
  <nestedLevel>1</nestedLevel>
  <property name="name">Test Cases/SoapTwo</property>
  <property name="description"></property>
  <property name="id">Test Cases/SoapTwo</property>
  <property name="source">C:\\Users\\Hamza\\Katalon Studio\\SoapPartTwoTesting\\Test Cases\\SoapTwo.tc</property>
  <property name="tag"></property>
  <property name="isOptional">false</property>
</record>
<record>
  <date>2019-08-13T13:36:03</date>
  <millis>1565696163043</millis>
  <sequence>27</sequence>
  <level>INFO</level>
  <class>com.kms.katalon.core.logging.XmlKeywordLogger</class>
  <method>logMessage</method>
  <thread>1</thread>
  <message>countryCode = AF</message>
  <nestedLevel>1</nestedLevel>
</record>
<record>
  <date>2019-08-13T13:36:03</date>
  <millis>1565696163068</millis>
  <sequence>28</sequence>
  <level>START</level>
  <class>com.kms.katalon.core.logging.XmlKeywordLogger</class>
  <method>startKeyword</method>
  <thread>1</thread>
  <message>Start action : response = sendRequest(findTestObject(\&amp;quot;Soap/countryName\&amp;quot;, [\&amp;quot;countryCode\&amp;quot;:countryCode]))</message>
  <nestedLevel>1</nestedLevel>
  <property name="startLine">16</property>
  <property name="stepIndex">1</property>
</record>
<record>
  <date>2019-08-13T13:36:03</date>
  <millis>1565696163861</millis>
  <sequence>32</sequence>
  <level>INFO</level>
  <class>com.kms.katalon.core.logging.XmlKeywordLogger</class>
  <method>logMessage</method>
  <thread>1</thread>
  <message>HAR: C:\\Users\\Hamza\\Katalon Studio\\SoapPartTwoTesting\\Reports\\DT\\20190813_133548\\requests\\main\\1.har</message>
  <nestedLevel>1</nestedLevel>
  <property name="harId">c9c45d7f-5b3c-4f0f-ab67-c9cffbb6cb6f</property>
</record>
<record>
  <date>2019-08-13T13:36:03</date>
  <millis>1565696163868</millis>
  <sequence>33</sequence>
  <level>PASSED</level>
  <class>com.kms.katalon.core.logging.XmlKeywordLogger</class>
  <method>logMessage</method>
  <thread>1</thread>
  <message>Send request successfully</message>
  <nestedLevel>1</nestedLevel>
</record>
<record>
  <date>2019-08-13T13:36:03</date>
  <millis>1565696163868</millis>
  <sequence>34</sequence>
  <level>END</level>
  <class>com.kms.katalon.core.logging.XmlKeywordLogger</class>
  <method>endKeyword</method>
  <thread>1</thread>
  <message>End action : response = sendRequest(findTestObject(\&amp;quot;Soap/countryName\&amp;quot;, [\&amp;quot;countryCode\&amp;quot;:countryCode]))</message>
  <nestedLevel>1</nestedLevel>
</record>
<record>
  <date>2019-08-13T13:36:03</date>
  <millis>1565696163872</millis>
  <sequence>35</sequence>
  <level>START</level>
  <class>com.kms.katalon.core.logging.XmlKeywordLogger</class>
  <method>startKeyword</method>
  <thread>1</thread>
  <message>Start action : xml = response.getResponseBodyContent()</message>
  <nestedLevel>1</nestedLevel>
  <property name="startLine">17</property>
  <property name="stepIndex">2</property>
</record>
<record>
  <date>2019-08-13T13:36:03</date>
  <millis>1565696163896</millis>
  <sequence>36</sequence>
  <level>END</level>
  <class>com.kms.katalon.core.logging.XmlKeywordLogger</class>
  <method>endKeyword</method>
  <thread>1</thread>
  <message>End action : xml = response.getResponseBodyContent()</message>
  <nestedLevel>1</nestedLevel>
</record>
<record>
  <date>2019-08-13T13:36:03</date>
  <millis>1565696163899</millis>
  <sequence>37</sequence>
  <level>START</level>
  <class>com.kms.katalon.core.logging.XmlKeywordLogger</class>
  <method>startKeyword</method>
  <thread>1</thread>
  <message>Start action : dataValue = XmlSlurper().parseText(xml)</message>
  <nestedLevel>1</nestedLevel>
  <property name="startLine">18</property>
  <property name="stepIndex">3</property>
</record>
<record>
  <date>2019-08-13T13:36:03</date>
  <millis>1565696163909</millis>
  <sequence>38</sequence>
  <level>END</level>
  <class>com.kms.katalon.core.logging.XmlKeywordLogger</class>
  <method>endKeyword</method>
  <thread>1</thread>
  <message>End action : dataValue = XmlSlurper().parseText(xml)</message>
  <nestedLevel>1</nestedLevel>
</record>
<record>
  <date>2019-08-13T13:36:03</date>
  <millis>1565696163909</millis>
  <sequence>39</sequence>
  <level>START</level>
  <class>com.kms.katalon.core.logging.XmlKeywordLogger</class>
  <method>startKeyword</method>
  <thread>1</thread>
  <message>Start action : dataSpeci = CountryNameResult.text()</message>
  <nestedLevel>1</nestedLevel>
  <property name="startLine">19</property>
  <property name="stepIndex">4</property>
</record>
<record>
  <date>2019-08-13T13:36:03</date>
  <millis>1565696163922</millis>
  <sequence>40</sequence>
  <level>END</level>
  <class>com.kms.katalon.core.logging.XmlKeywordLogger</class>
  <method>endKeyword</method>
  <thread>1</thread>
  <message>End action : dataSpeci = CountryNameResult.text()</message>
  <nestedLevel>1</nestedLevel>
</record>
<record>
  <date>2019-08-13T13:36:03</date>
  <millis>1565696163922</millis>
  <sequence>41</sequence>
  <level>START</level>
  <class>com.kms.katalon.core.logging.XmlKeywordLogger</class>
  <method>startKeyword</method>
  <thread>1</thread>
  <message>Start action : println(dataSpeci)</message>
  <nestedLevel>1</nestedLevel>
  <property name="startLine">20</property>
  <property name="stepIndex">5</property>
</record>
<record>
  <date>2019-08-13T13:36:03</date>
  <millis>1565696163924</millis>
  <sequence>42</sequence>
  <level>END</level>
  <class>com.kms.katalon.core.logging.XmlKeywordLogger</class>
  <method>endKeyword</method>
  <thread>1</thread>
  <message>End action : println(dataSpeci)</message>
  <nestedLevel>1</nestedLevel>
</record>
<record>
  <date>2019-08-13T13:36:03</date>
  <millis>1565696163924</millis>
  <sequence>43</sequence>
  <level>PASSED</level>
  <class>com.kms.katalon.core.logging.XmlKeywordLogger</class>
  <method>logMessage</method>
  <thread>1</thread>
  <message>Test Cases/SoapTwo</message>
  <nestedLevel>1</nestedLevel>
</record>
<record>
  <date>2019-08-13T13:36:03</date>
  <millis>1565696163928</millis>
  <sequence>44</sequence>
  <level>END</level>
  <class>com.kms.katalon.core.logging.XmlKeywordLogger</class>
  <method>endTest</method>
  <thread>1</thread>
  <message>End Test Case : Test Cases/SoapTwo</message>
  <nestedLevel>0</nestedLevel>
</record>
<record>
  <date>2019-08-13T13:36:03</date>
  <millis>1565696163942</millis>
  <sequence>45</sequence>
  <level>START</level>
  <class>com.kms.katalon.core.logging.XmlKeywordLogger</class>
  <method>startTest</method>
  <thread>1</thread>
  <message>Start Test Case : Test Cases/SoapTwo</message>
  <nestedLevel>1</nestedLevel>
  <property name="name">Test Cases/SoapTwo</property>
  <property name="description"></property>
  <property name="id">Test Cases/SoapTwo</property>
  <property name="source">C:\\Users\\Hamza\\Katalon Studio\\SoapPartTwoTesting\\Test Cases\\SoapTwo.tc</property>
  <property name="tag"></property>
  <property name="isOptional">false</property>
</record>
<record>
  <date>2019-08-13T13:36:03</date>
  <millis>1565696163993</millis>
  <sequence>47</sequence>
  <level>INFO</level>
  <class>com.kms.katalon.core.logging.XmlKeywordLogger</class>
  <method>logMessage</method>
  <thread>1</thread>
  <message>countryCode = AL</message>
  <nestedLevel>1</nestedLevel>
</record>
<record>
  <date>2019-08-13T13:36:04</date>
  <millis>1565696164001</millis>
  <sequence>48</sequence>
  <level>START</level>
  <class>com.kms.katalon.core.logging.XmlKeywordLogger</class>
  <method>startKeyword</method>
  <thread>1</thread>
  <message>Start action : response = sendRequest(findTestObject(\&amp;quot;Soap/countryName\&amp;quot;, [\&amp;quot;countryCode\&amp;quot;:countryCode]))</message>
  <nestedLevel>1</nestedLevel>
  <property name="startLine">16</property>
  <property name="stepIndex">1</property>
</record>
<record>
  <date>2019-08-13T13:36:04</date>
  <millis>1565696164761</millis>
  <sequence>52</sequence>
  <level>INFO</level>
  <class>com.kms.katalon.core.logging.XmlKeywordLogger</class>
  <method>logMessage</method>
  <thread>1</thread>
  <message>HAR: C:\\Users\\Hamza\\Katalon Studio\\SoapPartTwoTesting\\Reports\\DT\\20190813_133548\\requests\\main\\2.har</message>
  <nestedLevel>1</nestedLevel>
  <property name="harId">d2a3a68f-54c9-4fbf-a6dd-977ad74c45d8</property>
</record>
<record>
  <date>2019-08-13T13:36:04</date>
  <millis>1565696164764</millis>
  <sequence>53</sequence>
  <level>PASSED</level>
  <class>com.kms.katalon.core.logging.XmlKeywordLogger</class>
  <method>logMessage</method>
  <thread>1</thread>
  <message>Send request successfully</message>
  <nestedLevel>1</nestedLevel>
</record>
<record>
  <date>2019-08-13T13:36:04</date>
  <millis>1565696164764</millis>
  <sequence>54</sequence>
  <level>END</level>
  <class>com.kms.katalon.core.logging.XmlKeywordLogger</class>
  <method>endKeyword</method>
  <thread>1</thread>
  <message>End action : response = sendRequest(findTestObject(\&amp;quot;Soap/countryName\&amp;quot;, [\&amp;quot;countryCode\&amp;quot;:countryCode]))</message>
  <nestedLevel>1</nestedLevel>
</record>
<record>
  <date>2019-08-13T13:36:04</date>
  <millis>1565696164768</millis>
  <sequence>55</sequence>
  <level>START</level>
  <class>com.kms.katalon.core.logging.XmlKeywordLogger</class>
  <method>startKeyword</method>
  <thread>1</thread>
  <message>Start action : xml = response.getResponseBodyContent()</message>
  <nestedLevel>1</nestedLevel>
  <property name="startLine">17</property>
  <property name="stepIndex">2</property>
</record>
<record>
  <date>2019-08-13T13:36:04</date>
  <millis>1565696164785</millis>
  <sequence>56</sequence>
  <level>END</level>
  <class>com.kms.katalon.core.logging.XmlKeywordLogger</class>
  <method>endKeyword</method>
  <thread>1</thread>
  <message>End action : xml = response.getResponseBodyContent()</message>
  <nestedLevel>1</nestedLevel>
</record>
<record>
  <date>2019-08-13T13:36:04</date>
  <millis>1565696164785</millis>
  <sequence>57</sequence>
  <level>START</level>
  <class>com.kms.katalon.core.logging.XmlKeywordLogger</class>
  <method>startKeyword</method>
  <thread>1</thread>
  <message>Start action : dataValue = XmlSlurper().parseText(xml)</message>
  <nestedLevel>1</nestedLevel>
  <property name="startLine">18</property>
  <property name="stepIndex">3</property>
</record>
<record>
  <date>2019-08-13T13:36:04</date>
  <millis>1565696164800</millis>
  <sequence>58</sequence>
  <level>END</level>
  <class>com.kms.katalon.core.logging.XmlKeywordLogger</class>
  <method>endKeyword</method>
  <thread>1</thread>
  <message>End action : dataValue = XmlSlurper().parseText(xml)</message>
  <nestedLevel>1</nestedLevel>
</record>
<record>
  <date>2019-08-13T13:36:04</date>
  <millis>1565696164804</millis>
  <sequence>59</sequence>
  <level>START</level>
  <class>com.kms.katalon.core.logging.XmlKeywordLogger</class>
  <method>startKeyword</method>
  <thread>1</thread>
  <message>Start action : dataSpeci = CountryNameResult.text()</message>
  <nestedLevel>1</nestedLevel>
  <property name="startLine">19</property>
  <property name="stepIndex">4</property>
</record>
<record>
  <date>2019-08-13T13:36:04</date>
  <millis>1565696164807</millis>
  <sequence>60</sequence>
  <level>END</level>
  <class>com.kms.katalon.core.logging.XmlKeywordLogger</class>
  <method>endKeyword</method>
  <thread>1</thread>
  <message>End action : dataSpeci = CountryNameResult.text()</message>
  <nestedLevel>1</nestedLevel>
</record>
<record>
  <date>2019-08-13T13:36:04</date>
  <millis>1565696164807</millis>
  <sequence>61</sequence>
  <level>START</level>
  <class>com.kms.katalon.core.logging.XmlKeywordLogger</class>
  <method>startKeyword</method>
  <thread>1</thread>
  <message>Start action : println(dataSpeci)</message>
  <nestedLevel>1</nestedLevel>
  <property name="startLine">20</property>
  <property name="stepIndex">5</property>
</record>
<record>
  <date>2019-08-13T13:36:04</date>
  <millis>1565696164811</millis>
  <sequence>62</sequence>
  <level>END</level>
  <class>com.kms.katalon.core.logging.XmlKeywordLogger</class>
  <method>endKeyword</method>
  <thread>1</thread>
  <message>End action : println(dataSpeci)</message>
  <nestedLevel>1</nestedLevel>
</record>
<record>
  <date>2019-08-13T13:36:04</date>
  <millis>1565696164816</millis>
  <sequence>63</sequence>
  <level>PASSED</level>
  <class>com.kms.katalon.core.logging.XmlKeywordLogger</class>
  <method>logMessage</method>
  <thread>1</thread>
  <message>Test Cases/SoapTwo</message>
  <nestedLevel>1</nestedLevel>
</record>
<record>
  <date>2019-08-13T13:36:04</date>
  <millis>1565696164816</millis>
  <sequence>64</sequence>
  <level>END</level>
  <class>com.kms.katalon.core.logging.XmlKeywordLogger</class>
  <method>endTest</method>
  <thread>1</thread>
  <message>End Test Case : Test Cases/SoapTwo</message>
  <nestedLevel>0</nestedLevel>
</record>
<record>
  <date>2019-08-13T13:36:04</date>
  <millis>1565696164828</millis>
  <sequence>65</sequence>
  <level>START</level>
  <class>com.kms.katalon.core.logging.XmlKeywordLogger</class>
  <method>startTest</method>
  <thread>1</thread>
  <message>Start Test Case : Test Cases/SoapTwo</message>
  <nestedLevel>1</nestedLevel>
  <property name="name">Test Cases/SoapTwo</property>
  <property name="description"></property>
  <property name="id">Test Cases/SoapTwo</property>
  <property name="source">C:\\Users\\Hamza\\Katalon Studio\\SoapPartTwoTesting\\Test Cases\\SoapTwo.tc</property>
  <property name="tag"></property>
  <property name="isOptional">false</property>
</record>
<record>
  <date>2019-08-13T13:36:04</date>
  <millis>1565696164851</millis>
  <sequence>67</sequence>
  <level>INFO</level>
  <class>com.kms.katalon.core.logging.XmlKeywordLogger</class>
  <method>logMessage</method>
  <thread>1</thread>
  <message>countryCode = DZ</message>
  <nestedLevel>1</nestedLevel>
</record>
<record>
  <date>2019-08-13T13:36:04</date>
  <millis>1565696164857</millis>
  <sequence>68</sequence>
  <level>START</level>
  <class>com.kms.katalon.core.logging.XmlKeywordLogger</class>
  <method>startKeyword</method>
  <thread>1</thread>
  <message>Start action : response = sendRequest(findTestObject(\&amp;quot;Soap/countryName\&amp;quot;, [\&amp;quot;countryCode\&amp;quot;:countryCode]))</message>
  <nestedLevel>1</nestedLevel>
  <property name="startLine">16</property>
  <property name="stepIndex">1</property>
</record>
<record>
  <date>2019-08-13T13:36:05</date>
  <millis>1565696165786</millis>
  <sequence>72</sequence>
  <level>INFO</level>
  <class>com.kms.katalon.core.logging.XmlKeywordLogger</class>
  <method>logMessage</method>
  <thread>1</thread>
  <message>HAR: C:\\Users\\Hamza\\Katalon Studio\\SoapPartTwoTesting\\Reports\\DT\\20190813_133548\\requests\\main\\3.har</message>
  <nestedLevel>1</nestedLevel>
  <property name="harId">4de8995e-a132-42ad-8a06-c17e01099b62</property>
</record>
<record>
  <date>2019-08-13T13:36:05</date>
  <millis>1565696165845</millis>
  <sequence>73</sequence>
  <level>PASSED</level>
  <class>com.kms.katalon.core.logging.XmlKeywordLogger</class>
  <method>logMessage</method>
  <thread>1</thread>
  <message>Send request successfully</message>
  <nestedLevel>1</nestedLevel>
</record>
<record>
  <date>2019-08-13T13:36:05</date>
  <millis>1565696165850</millis>
  <sequence>74</sequence>
  <level>END</level>
  <class>com.kms.katalon.core.logging.XmlKeywordLogger</class>
  <method>endKeyword</method>
  <thread>1</thread>
  <message>End action : response = sendRequest(findTestObject(\&amp;quot;Soap/countryName\&amp;quot;, [\&amp;quot;countryCode\&amp;quot;:countryCode]))</message>
  <nestedLevel>1</nestedLevel>
</record>
<record>
  <date>2019-08-13T13:36:05</date>
  <millis>1565696165853</millis>
  <sequence>75</sequence>
  <level>START</level>
  <class>com.kms.katalon.core.logging.XmlKeywordLogger</class>
  <method>startKeyword</method>
  <thread>1</thread>
  <message>Start action : xml = response.getResponseBodyContent()</message>
  <nestedLevel>1</nestedLevel>
  <property name="startLine">17</property>
  <property name="stepIndex">2</property>
</record>
<record>
  <date>2019-08-13T13:36:05</date>
  <millis>1565696165952</millis>
  <sequence>76</sequence>
  <level>END</level>
  <class>com.kms.katalon.core.logging.XmlKeywordLogger</class>
  <method>endKeyword</method>
  <thread>1</thread>
  <message>End action : xml = response.getResponseBodyContent()</message>
  <nestedLevel>1</nestedLevel>
</record>
<record>
  <date>2019-08-13T13:36:05</date>
  <millis>1565696165956</millis>
  <sequence>77</sequence>
  <level>START</level>
  <class>com.kms.katalon.core.logging.XmlKeywordLogger</class>
  <method>startKeyword</method>
  <thread>1</thread>
  <message>Start action : dataValue = XmlSlurper().parseText(xml)</message>
  <nestedLevel>1</nestedLevel>
  <property name="startLine">18</property>
  <property name="stepIndex">3</property>
</record>
<record>
  <date>2019-08-13T13:36:05</date>
  <millis>1565696165970</millis>
  <sequence>78</sequence>
  <level>END</level>
  <class>com.kms.katalon.core.logging.XmlKeywordLogger</class>
  <method>endKeyword</method>
  <thread>1</thread>
  <message>End action : dataValue = XmlSlurper().parseText(xml)</message>
  <nestedLevel>1</nestedLevel>
</record>
<record>
  <date>2019-08-13T13:36:05</date>
  <millis>1565696165970</millis>
  <sequence>79</sequence>
  <level>START</level>
  <class>com.kms.katalon.core.logging.XmlKeywordLogger</class>
  <method>startKeyword</method>
  <thread>1</thread>
  <message>Start action : dataSpeci = CountryNameResult.text()</message>
  <nestedLevel>1</nestedLevel>
  <property name="startLine">19</property>
  <property name="stepIndex">4</property>
</record>
<record>
  <date>2019-08-13T13:36:05</date>
  <millis>1565696165971</millis>
  <sequence>80</sequence>
  <level>END</level>
  <class>com.kms.katalon.core.logging.XmlKeywordLogger</class>
  <method>endKeyword</method>
  <thread>1</thread>
  <message>End action : dataSpeci = CountryNameResult.text()</message>
  <nestedLevel>1</nestedLevel>
</record>
<record>
  <date>2019-08-13T13:36:05</date>
  <millis>1565696165987</millis>
  <sequence>81</sequence>
  <level>START</level>
  <class>com.kms.katalon.core.logging.XmlKeywordLogger</class>
  <method>startKeyword</method>
  <thread>1</thread>
  <message>Start action : println(dataSpeci)</message>
  <nestedLevel>1</nestedLevel>
  <property name="startLine">20</property>
  <property name="stepIndex">5</property>
</record>
<record>
  <date>2019-08-13T13:36:05</date>
  <millis>1565696165987</millis>
  <sequence>82</sequence>
  <level>END</level>
  <class>com.kms.katalon.core.logging.XmlKeywordLogger</class>
  <method>endKeyword</method>
  <thread>1</thread>
  <message>End action : println(dataSpeci)</message>
  <nestedLevel>1</nestedLevel>
</record>
<record>
  <date>2019-08-13T13:36:05</date>
  <millis>1565696165987</millis>
  <sequence>83</sequence>
  <level>PASSED</level>
  <class>com.kms.katalon.core.logging.XmlKeywordLogger</class>
  <method>logMessage</method>
  <thread>1</thread>
  <message>Test Cases/SoapTwo</message>
  <nestedLevel>1</nestedLevel>
</record>
<record>
  <date>2019-08-13T13:36:05</date>
  <millis>1565696165990</millis>
  <sequence>84</sequence>
  <level>END</level>
  <class>com.kms.katalon.core.logging.XmlKeywordLogger</class>
  <method>endTest</method>
  <thread>1</thread>
  <message>End Test Case : Test Cases/SoapTwo</message>
  <nestedLevel>0</nestedLevel>
</record>
<record>
  <date>2019-08-13T13:36:05</date>
  <millis>1565696165993</millis>
  <sequence>85</sequence>
  <level>START</level>
  <class>com.kms.katalon.core.logging.XmlKeywordLogger</class>
  <method>startKeyword</method>
  <thread>1</thread>
  <message>Start listener action : exportKatalonReports</message>
  <nestedLevel>0</nestedLevel>
</record>
<record>
  <date>2019-08-13T13:36:06</date>
  <millis>1565696166583</millis>
  <sequence>227</sequence>
  <level>INFO</level>
  <class>com.kms.katalon.core.logging.XmlKeywordLogger</class>
  <method>logMessage</method>
  <thread>1</thread>
  <message>Start generating HTML report folder at: C:\\Users\\Hamza\\Katalon Studio\\SoapPartTwoTesting\\Reports\\DT\\20190813_133548...</message>
  <nestedLevel>0</nestedLevel>
</record>
<record>
  <date>2019-08-13T13:36:06</date>
  <millis>1565696166620</millis>
  <sequence>228</sequence>
  <level>INFO</level>
  <class>com.kms.katalon.core.logging.XmlKeywordLogger</class>
  <method>logMessage</method>
  <thread>1</thread>
  <message>HTML report generated</message>
  <nestedLevel>0</nestedLevel>
</record>
<record>
  <date>2019-08-13T13:36:06</date>
  <millis>1565696166622</millis>
  <sequence>229</sequence>
  <level>INFO</level>
  <class>com.kms.katalon.core.logging.XmlKeywordLogger</class>
  <method>logMessage</method>
  <thread>1</thread>
  <message>Start generating CSV report folder at: C:\\Users\\Hamza\\Katalon Studio\\SoapPartTwoTesting\\Reports\\DT\\20190813_133548...</message>
  <nestedLevel>0</nestedLevel>
</record>
<record>
  <date>2019-08-13T13:36:06</date>
  <millis>1565696166718</millis>
  <sequence>230</sequence>
  <level>INFO</level>
  <class>com.kms.katalon.core.logging.XmlKeywordLogger</class>
  <method>logMessage</method>
  <thread>1</thread>
  <message>CSV report generated</message>
  <nestedLevel>0</nestedLevel>
</record>
<record>
  <date>2019-08-13T13:36:06</date>
  <millis>1565696166719</millis>
  <sequence>231</sequence>
  <level>INFO</level>
  <class>com.kms.katalon.core.logging.XmlKeywordLogger</class>
  <method>logMessage</method>
  <thread>1</thread>
  <message>Start generating JUnit report folder at: C:\\Users\\Hamza\\Katalon Studio\\SoapPartTwoTesting\\Reports\\DT\\20190813_133548...</message>
  <nestedLevel>0</nestedLevel>
</record>
<record>
  <date>2019-08-13T13:36:07</date>
  <millis>1565696167461</millis>
  <sequence>232</sequence>
  <level>INFO</level>
  <class>com.kms.katalon.core.logging.XmlKeywordLogger</class>
  <method>logMessage</method>
  <thread>1</thread>
  <message>JUnit report generated</message>
  <nestedLevel>0</nestedLevel>
</record>
<record>
  <date>2019-08-13T13:36:07</date>
  <millis>1565696167463</millis>
  <sequence>234</sequence>
  <level>END</level>
  <class>com.kms.katalon.core.logging.XmlKeywordLogger</class>
  <method>endKeyword</method>
  <thread>1</thread>
  <message>End listener action : exportKatalonReports</message>
  <nestedLevel>0</nestedLevel>
</record>
<record>
  <date>2019-08-13T13:36:07</date>
  <millis>1565696167697</millis>
  <sequence>235</sequence>
  <level>END</level>
  <class>com.kms.katalon.core.logging.XmlKeywordLogger</class>
  <method>endSuite</method>
  <thread>1</thread>
  <message>End Test Suite : Test Suites/DT</message>
  <nestedLevel>0</nestedLevel>
</record>
</log>